<?xml version="1.0" encoding="UTF-8"?>
<testng-results skipped="0" failed="0" total="1" passed="1">
  <reporter-output>
  </reporter-output>
  <suite name="Suite" duration-ms="76240" started-at="2019-02-21T13:22:17Z" finished-at="2019-02-21T13:23:33Z">
    <groups>
    </groups>
    <test name="Test" duration-ms="76240" started-at="2019-02-21T13:22:17Z" finished-at="2019-02-21T13:23:33Z">
      <class name="com.demotestcases.AppTest">
        <test-method status="PASS" signature="TestFireFox()[pri:0, instance:com.demotestcases.AppTest@60f82f98]" name="TestFireFox" duration-ms="76224" started-at="2019-02-21T18:52:17Z" finished-at="2019-02-21T18:53:33Z">
          <reporter-output>
          </reporter-output>
        </test-method> <!-- TestFireFox -->
      </class> <!-- com.demotestcases.AppTest -->
    </test> <!-- Test -->
  </suite> <!-- Suite -->
</testng-results>
