<?xml version="1.0" encoding="UTF-8"?>
<testng-results skipped="0" failed="0" total="1" passed="1">
  <reporter-output>
  </reporter-output>
  <suite name="Suite" duration-ms="37324" started-at="2019-02-18T19:43:46Z" finished-at="2019-02-18T19:44:24Z">
    <groups>
    </groups>
    <test name="Test" duration-ms="37324" started-at="2019-02-18T19:43:46Z" finished-at="2019-02-18T19:44:24Z">
      <class name="com.demotestcases.AppTest">
        <test-method status="PASS" signature="TestFireFox()[pri:0, instance:com.demotestcases.AppTest@6a2bcfcb]" name="TestFireFox" duration-ms="37259" started-at="2019-02-19T01:13:46Z" finished-at="2019-02-19T01:14:24Z">
          <reporter-output>
          </reporter-output>
        </test-method> <!-- TestFireFox -->
      </class> <!-- com.demotestcases.AppTest -->
    </test> <!-- Test -->
  </suite> <!-- Suite -->
</testng-results>
